[2026-07-11T08:53:49.611Z] OPTIONS /api/auth/register 204 17ms - IP: ::1
[2026-07-11T08:53:49.979Z] POST /api/auth/register 201 364ms - IP: ::1
[2026-07-11T08:53:50.082Z] OPTIONS /api/courses/enrolled/me 204 0ms - IP: ::1
[2026-07-11T08:53:50.089Z] OPTIONS /api/courses/enrolled/me 204 2ms - IP: ::1
[2026-07-11T08:53:50.345Z] GET /api/courses/enrolled/me 200 255ms - IP: ::1
[2026-07-11T08:53:50.356Z] OPTIONS /api/quizzes/attempts/me 204 0ms - IP: ::1
[2026-07-11T08:53:50.620Z] GET /api/quizzes/attempts/me 200 262ms - IP: ::1
[2026-07-11T08:53:50.638Z] GET /api/courses/enrolled/me 304 291ms - IP: ::1
[2026-07-11T08:53:50.910Z] GET /api/quizzes/attempts/me 304 257ms - IP: ::1
[2026-07-11T08:54:03.111Z] OPTIONS /api/courses 204 2ms - IP: ::1
[2026-07-11T08:54:03.119Z] OPTIONS /api/courses 204 1ms - IP: ::1
[2026-07-11T08:54:03.238Z] GET /api/courses 200 125ms - IP: ::1
[2026-07-11T08:54:03.356Z] GET /api/courses 304 118ms - IP: ::1
[2026-07-11T08:54:04.865Z] OPTIONS /api/courses/enrolled/me 204 1ms - IP: ::1
[2026-07-11T08:54:04.867Z] OPTIONS /api/courses/enrolled/me 204 1ms - IP: ::1
[2026-07-11T08:54:05.173Z] GET /api/courses/enrolled/me 304 302ms - IP: ::1
[2026-07-11T08:54:05.178Z] OPTIONS /api/quizzes/attempts/me 204 1ms - IP: ::1
[2026-07-11T08:54:05.434Z] GET /api/courses/enrolled/me 304 260ms - IP: ::1
[2026-07-11T08:54:05.438Z] GET /api/quizzes/attempts/me 304 259ms - IP: ::1
[2026-07-11T08:54:05.700Z] GET /api/quizzes/attempts/me 304 258ms - IP: ::1
[2026-07-11T08:54:06.222Z] GET /api/courses 304 184ms - IP: ::1
[2026-07-11T08:54:06.346Z] GET /api/courses 304 123ms - IP: ::1
[2026-07-11T09:17:06.291Z] OPTIONS /api/courses 204 7ms - IP: ::1
[2026-07-11T09:17:06.338Z] OPTIONS /api/courses 204 0ms - IP: ::1
[2026-07-11T09:17:07.600Z] GET /api/courses 304 1305ms - IP: ::1
[2026-07-11T09:17:07.742Z] GET /api/courses 304 136ms - IP: ::1
[2026-07-11T09:18:00.289Z] GET /api/courses 304 149ms - IP: ::1
[2026-07-11T09:18:00.417Z] GET /api/courses 304 123ms - IP: ::1
[2026-07-11T09:21:12.842Z] OPTIONS /api/auth/login 204 7ms - IP: ::1
[2026-07-11T09:21:13.097Z] POST /api/auth/login 200 251ms - IP: ::1
[2026-07-11T09:21:13.154Z] OPTIONS /api/courses 204 1ms - IP: ::1
[2026-07-11T09:21:13.156Z] OPTIONS /api/courses 204 0ms - IP: ::1
[2026-07-11T09:21:13.875Z] GET /api/courses 200 711ms - IP: ::1
[2026-07-11T09:21:14.161Z] GET /api/courses 304 284ms - IP: ::1
[2026-07-11T09:49:03.492Z] OPTIONS /api/courses 204 21ms - IP: ::1
[2026-07-11T09:49:33.607Z] POST /api/courses 401 30109ms - IP: ::1
[2026-07-11T09:50:15.380Z] OPTIONS /api/courses 204 6ms - IP: ::1
[2026-07-11T09:50:45.424Z] POST /api/courses 401 30042ms - IP: ::1
[2026-07-11T09:51:01.832Z] OPTIONS /api/courses 204 6ms - IP: ::1
[2026-07-11T09:51:31.874Z] POST /api/courses 401 30037ms - IP: ::1
[2026-07-11T09:51:41.342Z] OPTIONS /api/courses 204 5ms - IP: ::1
[2026-07-11T09:52:11.369Z] POST /api/courses 401 30021ms - IP: ::1
[2026-07-11T09:57:41.628Z] OPTIONS /api/auth/login 204 10ms - IP: ::1
[2026-07-11T09:57:48.251Z] OPTIONS /api/auth/login 204 0ms - IP: ::1
[2026-07-11T09:57:49.099Z] POST /api/auth/login 429 15ms - IP: ::1
[2026-07-11T09:57:50.758Z] POST /api/auth/login 429 5ms - IP: ::1
[2026-07-11T09:57:51.372Z] POST /api/auth/login 429 4ms - IP: ::1
[2026-07-11T09:57:51.757Z] POST /api/auth/login 429 2ms - IP: ::1
[2026-07-11T09:57:51.942Z] POST /api/auth/login 429 2ms - IP: ::1
[2026-07-11T09:57:52.126Z] POST /api/auth/login 429 3ms - IP: ::1
[2026-07-11T09:57:52.273Z] POST /api/auth/login 429 3ms - IP: ::1
[2026-07-11T09:58:10.692Z] OPTIONS /api/auth/login 204 3ms - IP: ::1
[2026-07-11T09:58:10.703Z] POST /api/auth/login 429 9ms - IP: ::1
[2026-07-11T09:58:11.674Z] POST /api/auth/login 500 30042ms - IP: ::1
[2026-07-11T09:58:13.644Z] POST /api/auth/login 500 30008ms - IP: ::1
[2026-07-11T09:58:18.260Z] POST /api/auth/login 500 30007ms - IP: ::1
[2026-07-11T09:58:18.738Z] POST /api/auth/login 500 30003ms - IP: ::1
[2026-07-11T09:58:18.919Z] POST /api/auth/login 500 30004ms - IP: ::1
[2026-07-11T09:58:23.312Z] OPTIONS /api/auth/login 204 4ms - IP: ::1
[2026-07-11T09:58:23.318Z] POST /api/auth/login 429 5ms - IP: ::1
[2026-07-11T09:58:46.198Z] OPTIONS /api/auth/login 204 7ms - IP: ::1
[2026-07-11T09:58:50.945Z] POST /api/auth/login 401 4744ms - IP: ::1
[2026-07-11T09:58:51.021Z] POST /api/auth/login 401 3347ms - IP: ::1
[2026-07-11T09:58:54.378Z] OPTIONS /api/auth/login 204 2ms - IP: ::1
[2026-07-11T09:58:54.643Z] POST /api/auth/login 401 263ms - IP: ::1
[2026-07-11T09:58:55.995Z] POST /api/auth/login 401 239ms - IP: ::1
[2026-07-11T09:58:57.246Z] POST /api/auth/login 401 276ms - IP: ::1
[2026-07-11T09:59:13.106Z] OPTIONS /api/auth/login 204 1ms - IP: ::1
[2026-07-11T09:59:13.109Z] POST /api/auth/login 429 2ms - IP: ::1
[2026-07-11T09:59:36.282Z] OPTIONS /api/auth/login 204 3ms - IP: ::1
[2026-07-11T09:59:36.287Z] POST /api/auth/login 429 4ms - IP: ::1
[2026-07-11T10:00:11.573Z] OPTIONS /api/auth/login 204 2ms - IP: ::1
[2026-07-11T10:00:11.831Z] POST /api/auth/login 200 255ms - IP: ::1
[2026-07-11T10:00:11.874Z] OPTIONS /api/courses 204 0ms - IP: ::1
[2026-07-11T10:00:11.880Z] OPTIONS /api/courses 204 3ms - IP: ::1
[2026-07-11T10:00:12.208Z] GET /api/courses 304 326ms - IP: ::1
[2026-07-11T10:00:12.510Z] GET /api/courses 304 298ms - IP: ::1
[2026-07-11T10:01:14.730Z] OPTIONS /api/courses 204 5ms - IP: ::1
[2026-07-11T10:01:28.266Z] POST /api/courses 500 13532ms - IP: ::1
[2026-07-11T10:02:03.344Z] OPTIONS /api/courses 204 6ms - IP: ::1
[2026-07-11T10:02:12.644Z] POST /api/courses 500 9298ms - IP: ::1
[2026-07-11T10:03:14.747Z] OPTIONS /api/courses 204 7ms - IP: ::1
[2026-07-11T10:03:22.988Z] POST /api/courses 500 8238ms - IP: ::1
[2026-07-11T10:05:52.026Z] OPTIONS /api/courses 204 3ms - IP: ::1
[2026-07-11T10:06:01.746Z] POST /api/courses 500 9711ms - IP: ::1
[2026-07-11T10:06:15.681Z] OPTIONS /api/courses 204 3ms - IP: ::1
[2026-07-11T10:06:26.556Z] POST /api/courses 500 10871ms - IP: ::1
[2026-07-11T10:10:53.766Z] OPTIONS /api/courses 204 1ms - IP: ::1
[2026-07-11T10:10:53.769Z] OPTIONS /api/courses 204 1ms - IP: ::1
[2026-07-11T10:10:54.124Z] GET /api/courses 304 354ms - IP: ::1
[2026-07-11T10:10:54.423Z] GET /api/courses 304 299ms - IP: ::1
[2026-07-11T10:13:48.740Z] OPTIONS /api/courses 204 20ms - IP: ::1
[2026-07-11T10:13:56.510Z] POST /api/courses 201 7766ms - IP: ::1
[2026-07-11T10:15:16.697Z] OPTIONS /api/quizzes 204 6ms - IP: ::1
[2026-07-11T10:15:17.171Z] POST /api/quizzes 201 471ms - IP: ::1
[2026-07-11T10:15:19.256Z] OPTIONS /api/courses 204 1ms - IP: ::1
[2026-07-11T10:15:19.266Z] OPTIONS /api/courses 204 2ms - IP: ::1
[2026-07-11T10:15:19.590Z] GET /api/courses 200 323ms - IP: ::1
[2026-07-11T10:15:19.873Z] GET /api/courses 304 282ms - IP: ::1
[2026-07-11T10:15:42.598Z] OPTIONS /api/auth/login 204 2ms - IP: ::1
[2026-07-11T10:15:42.763Z] POST /api/auth/login 401 164ms - IP: ::1
[2026-07-11T10:15:44.424Z] POST /api/auth/login 401 185ms - IP: ::1
[2026-07-11T10:15:52.203Z] OPTIONS /api/auth/login 204 0ms - IP: ::1
[2026-07-11T10:15:52.809Z] POST /api/auth/login 401 605ms - IP: ::1
[2026-07-11T10:16:33.502Z] OPTIONS /api/auth/login 204 6ms - IP: ::1
[2026-07-11T10:16:33.806Z] POST /api/auth/login 200 302ms - IP: ::1
[2026-07-11T10:16:33.864Z] OPTIONS /api/courses/enrolled/me 204 0ms - IP: ::1
[2026-07-11T10:16:33.872Z] OPTIONS /api/courses/enrolled/me 204 2ms - IP: ::1
[2026-07-11T10:16:34.177Z] GET /api/courses/enrolled/me 304 299ms - IP: ::1
[2026-07-11T10:16:34.185Z] OPTIONS /api/quizzes/attempts/me 204 0ms - IP: ::1
[2026-07-11T10:16:34.505Z] GET /api/courses/enrolled/me 304 327ms - IP: ::1
[2026-07-11T10:16:34.512Z] GET /api/quizzes/attempts/me 304 323ms - IP: ::1
[2026-07-11T10:16:34.821Z] GET /api/quizzes/attempts/me 304 307ms - IP: ::1
[2026-07-11T10:16:38.707Z] OPTIONS /api/courses 204 5ms - IP: ::1
[2026-07-11T10:16:38.714Z] OPTIONS /api/courses 204 0ms - IP: ::1
[2026-07-11T10:16:39.038Z] GET /api/courses 304 329ms - IP: ::1
[2026-07-11T10:16:39.320Z] GET /api/courses 304 280ms - IP: ::1
[2026-07-11T10:16:43.263Z] OPTIONS /api/courses/6a521764b2fb334f63441b97 204 1ms - IP: ::1
[2026-07-11T10:16:43.265Z] OPTIONS /api/courses/6a521764b2fb334f63441b97 204 0ms - IP: ::1
[2026-07-11T10:16:43.579Z] GET /api/courses/6a521764b2fb334f63441b97 200 311ms - IP: ::1
[2026-07-11T10:16:43.584Z] OPTIONS /api/quizzes/course/6a521764b2fb334f63441b97 204 0ms - IP: ::1
[2026-07-11T10:16:43.721Z] GET /api/quizzes/course/6a521764b2fb334f63441b97 200 134ms - IP: ::1
[2026-07-11T10:16:43.880Z] GET /api/courses/6a521764b2fb334f63441b97 304 301ms - IP: ::1
[2026-07-11T10:16:44.038Z] GET /api/quizzes/course/6a521764b2fb334f63441b97 304 147ms - IP: ::1
[2026-07-11T10:16:45.040Z] OPTIONS /api/courses/6a521764b2fb334f63441b97/enroll 204 1ms - IP: ::1
[2026-07-11T10:16:45.620Z] POST /api/courses/6a521764b2fb334f63441b97/enroll 500 575ms - IP: ::1
[2026-07-11T10:16:46.490Z] POST /api/courses/6a521764b2fb334f63441b97/enroll 400 472ms - IP: ::1
[2026-07-11T10:16:52.027Z] OPTIONS /api/courses/6a521764b2fb334f63441b97/enroll 204 2ms - IP: ::1
[2026-07-11T10:16:52.502Z] POST /api/courses/6a521764b2fb334f63441b97/enroll 400 473ms - IP: ::1
[2026-07-11T10:16:52.722Z] POST /api/courses/6a521764b2fb334f63441b97/enroll 400 452ms - IP: ::1
[2026-07-11T10:16:52.877Z] POST /api/courses/6a521764b2fb334f63441b97/enroll 400 456ms - IP: ::1
[2026-07-11T10:16:53.033Z] POST /api/courses/6a521764b2fb334f63441b97/enroll 400 449ms - IP: ::1
[2026-07-11T10:16:54.724Z] POST /api/courses/6a521764b2fb334f63441b97/enroll 400 489ms - IP: ::1
[2026-07-11T10:16:54.866Z] POST /api/courses/6a521764b2fb334f63441b97/enroll 400 429ms - IP: ::1
[2026-07-11T10:16:55.182Z] POST /api/courses/6a521764b2fb334f63441b97/enroll 400 432ms - IP: ::1
[2026-07-11T10:16:55.321Z] POST /api/courses/6a521764b2fb334f63441b97/enroll 400 421ms - IP: ::1
[2026-07-11T10:16:55.460Z] POST /api/courses/6a521764b2fb334f63441b97/enroll 400 410ms - IP: ::1
[2026-07-11T10:16:55.605Z] POST /api/courses/6a521764b2fb334f63441b97/enroll 400 405ms - IP: ::1
[2026-07-11T10:16:55.784Z] POST /api/courses/6a521764b2fb334f63441b97/enroll 400 434ms - IP: ::1
[2026-07-11T10:16:55.924Z] POST /api/courses/6a521764b2fb334f63441b97/enroll 400 424ms - IP: ::1
[2026-07-11T10:16:56.100Z] POST /api/courses/6a521764b2fb334f63441b97/enroll 400 434ms - IP: ::1
[2026-07-11T10:16:56.240Z] POST /api/courses/6a521764b2fb334f63441b97/enroll 400 424ms - IP: ::1
[2026-07-11T10:16:56.424Z] POST /api/courses/6a521764b2fb334f63441b97/enroll 400 441ms - IP: ::1
[2026-07-11T10:16:56.566Z] POST /api/courses/6a521764b2fb334f63441b97/enroll 400 433ms - IP: ::1
[2026-07-11T10:16:56.734Z] POST /api/courses/6a521764b2fb334f63441b97/enroll 400 467ms - IP: ::1
[2026-07-11T10:16:56.896Z] POST /api/courses/6a521764b2fb334f63441b97/enroll 400 460ms - IP: ::1
[2026-07-11T10:16:57.050Z] OPTIONS /api/courses/6a521764b2fb334f63441b97/enroll 204 0ms - IP: ::1
[2026-07-11T10:16:57.064Z] POST /api/courses/6a521764b2fb334f63441b97/enroll 400 481ms - IP: ::1
[2026-07-11T10:16:57.197Z] POST /api/courses/6a521764b2fb334f63441b97/enroll 400 460ms - IP: ::1
[2026-07-11T10:16:57.358Z] POST /api/courses/6a521764b2fb334f63441b97/enroll 400 452ms - IP: ::1
[2026-07-11T10:16:57.676Z] POST /api/courses/6a521764b2fb334f63441b97/enroll 400 467ms - IP: ::1
[2026-07-11T10:16:57.820Z] POST /api/courses/6a521764b2fb334f63441b97/enroll 400 452ms - IP: ::1
[2026-07-11T10:16:57.965Z] POST /api/courses/6a521764b2fb334f63441b97/enroll 400 445ms - IP: ::1
[2026-07-11T10:16:58.246Z] POST /api/courses/6a521764b2fb334f63441b97/enroll 400 426ms - IP: ::1
[2026-07-11T10:16:58.420Z] POST /api/courses/6a521764b2fb334f63441b97/enroll 400 1369ms - IP: ::1
[2026-07-11T10:16:58.430Z] POST /api/courses/6a521764b2fb334f63441b97/enroll 400 447ms - IP: ::1
[2026-07-11T10:16:58.559Z] POST /api/courses/6a521764b2fb334f63441b97/enroll 400 443ms - IP: ::1
[2026-07-11T10:16:58.698Z] POST /api/courses/6a521764b2fb334f63441b97/enroll 400 415ms - IP: ::1
[2026-07-11T10:16:58.835Z] POST /api/courses/6a521764b2fb334f63441b97/enroll 400 1166ms - IP: ::1
[2026-07-11T10:16:58.894Z] POST /api/courses/6a521764b2fb334f63441b97/enroll 400 444ms - IP: ::1
[2026-07-11T10:16:59.089Z] POST /api/courses/6a521764b2fb334f63441b97/enroll 400 473ms - IP: ::1
[2026-07-11T10:16:59.227Z] POST /api/courses/6a521764b2fb334f63441b97/enroll 400 443ms - IP: ::1
[2026-07-11T10:16:59.376Z] POST /api/courses/6a521764b2fb334f63441b97/enroll 400 426ms - IP: ::1
[2026-07-11T10:16:59.621Z] POST /api/courses/6a521764b2fb334f63441b97/enroll 400 505ms - IP: ::1
[2026-07-11T10:16:59.769Z] POST /api/courses/6a521764b2fb334f63441b97/enroll 400 503ms - IP: ::1
[2026-07-11T10:16:59.900Z] POST /api/courses/6a521764b2fb334f63441b97/enroll 400 467ms - IP: ::1
[2026-07-11T10:17:00.032Z] POST /api/courses/6a521764b2fb334f63441b97/enroll 400 429ms - IP: ::1
[2026-07-11T10:17:00.186Z] POST /api/courses/6a521764b2fb334f63441b97/enroll 400 416ms - IP: ::1
[2026-07-11T10:17:00.359Z] POST /api/courses/6a521764b2fb334f63441b97/enroll 400 425ms - IP: ::1
[2026-07-11T10:17:00.528Z] POST /api/courses/6a521764b2fb334f63441b97/enroll 400 428ms - IP: ::1
[2026-07-11T10:17:00.678Z] POST /api/courses/6a521764b2fb334f63441b97/enroll 400 411ms - IP: ::1
[2026-07-11T10:17:00.859Z] POST /api/courses/6a521764b2fb334f63441b97/enroll 400 426ms - IP: ::1
[2026-07-11T10:17:01.023Z] POST /api/courses/6a521764b2fb334f63441b97/enroll 400 433ms - IP: ::1
[2026-07-11T10:17:01.363Z] POST /api/courses/6a521764b2fb334f63441b97/enroll 400 492ms - IP: ::1
[2026-07-11T10:17:01.490Z] POST /api/courses/6a521764b2fb334f63441b97/enroll 400 474ms - IP: ::1
[2026-07-11T10:17:01.644Z] POST /api/courses/6a521764b2fb334f63441b97/enroll 400 461ms - IP: ::1
[2026-07-11T10:17:01.804Z] POST /api/courses/6a521764b2fb334f63441b97/enroll 400 454ms - IP: ::1
[2026-07-11T10:17:01.944Z] POST /api/courses/6a521764b2fb334f63441b97/enroll 400 442ms - IP: ::1
[2026-07-11T10:17:02.089Z] POST /api/courses/6a521764b2fb334f63441b97/enroll 400 406ms - IP: ::1
[2026-07-11T10:17:02.279Z] POST /api/courses/6a521764b2fb334f63441b97/enroll 400 446ms - IP: ::1
[2026-07-11T10:17:03.584Z] OPTIONS /api/courses/6a521764b2fb334f63441b97/enroll 204 0ms - IP: ::1
[2026-07-11T10:17:04.041Z] POST /api/courses/6a521764b2fb334f63441b97/enroll 400 456ms - IP: ::1
[2026-07-11T10:17:04.176Z] POST /api/courses/6a521764b2fb334f63441b97/enroll 400 408ms - IP: ::1
[2026-07-11T10:17:04.350Z] POST /api/courses/6a521764b2fb334f63441b97/enroll 400 417ms - IP: ::1
[2026-07-11T10:17:04.489Z] POST /api/courses/6a521764b2fb334f63441b97/enroll 400 389ms - IP: ::1
[2026-07-11T10:17:04.712Z] POST /api/courses/6a521764b2fb334f63441b97/enroll 400 446ms - IP: ::1
[2026-07-11T10:17:04.863Z] POST /api/courses/6a521764b2fb334f63441b97/enroll 400 447ms - IP: ::1
[2026-07-11T10:17:12.247Z] OPTIONS /api/courses 204 1ms - IP: ::1
[2026-07-11T10:17:12.255Z] OPTIONS /api/courses 204 1ms - IP: ::1
[2026-07-11T10:17:12.563Z] GET /api/courses 200 311ms - IP: ::1
[2026-07-11T10:17:12.828Z] GET /api/courses 304 264ms - IP: ::1
[2026-07-11T10:17:14.844Z] OPTIONS /api/courses/6a521764b2fb334f63441b97 204 0ms - IP: ::1
[2026-07-11T10:17:14.843Z] OPTIONS /api/courses/6a521764b2fb334f63441b97 204 1ms - IP: ::1
[2026-07-11T10:17:15.135Z] GET /api/courses/6a521764b2fb334f63441b97 200 288ms - IP: ::1
[2026-07-11T10:17:15.142Z] OPTIONS /api/quizzes/course/6a521764b2fb334f63441b97 204 1ms - IP: ::1
[2026-07-11T10:17:15.295Z] GET /api/quizzes/course/6a521764b2fb334f63441b97 304 149ms - IP: ::1
[2026-07-11T10:17:15.440Z] GET /api/courses/6a521764b2fb334f63441b97 304 303ms - IP: ::1
[2026-07-11T10:17:15.580Z] GET /api/quizzes/course/6a521764b2fb334f63441b97 304 138ms - IP: ::1
[2026-07-11T10:17:31.112Z] OPTIONS /api/quizzes/6a5217b5b2fb334f63441b98 204 6ms - IP: ::1
[2026-07-11T10:17:31.122Z] OPTIONS /api/quizzes/6a5217b5b2fb334f63441b98 204 0ms - IP: ::1
[2026-07-11T10:17:31.260Z] GET /api/quizzes/6a5217b5b2fb334f63441b98 200 145ms - IP: ::1
[2026-07-11T10:17:31.395Z] GET /api/quizzes/6a5217b5b2fb334f63441b98 304 134ms - IP: ::1
[2026-07-11T10:17:41.436Z] OPTIONS /api/quizzes/6a5217b5b2fb334f63441b98/submit 204 1ms - IP: ::1
[2026-07-11T10:17:41.899Z] POST /api/quizzes/6a5217b5b2fb334f63441b98/submit 201 461ms - IP: ::1
[2026-07-11T10:17:45.469Z] OPTIONS /api/courses/6a521764b2fb334f63441b97 204 1ms - IP: ::1
[2026-07-11T10:17:45.471Z] OPTIONS /api/courses/6a521764b2fb334f63441b97 204 0ms - IP: ::1
[2026-07-11T10:17:45.807Z] GET /api/courses/6a521764b2fb334f63441b97 304 329ms - IP: ::1
[2026-07-11T10:17:45.814Z] OPTIONS /api/quizzes/course/6a521764b2fb334f63441b97 204 0ms - IP: ::1
[2026-07-11T10:17:45.956Z] GET /api/quizzes/course/6a521764b2fb334f63441b97 304 139ms - IP: ::1
[2026-07-11T10:17:46.086Z] GET /api/courses/6a521764b2fb334f63441b97 304 277ms - IP: ::1
[2026-07-11T10:17:46.227Z] GET /api/quizzes/course/6a521764b2fb334f63441b97 304 136ms - IP: ::1
[2026-07-11T10:17:50.127Z] OPTIONS /api/quizzes/6a5217b5b2fb334f63441b98 204 5ms - IP: ::1
[2026-07-11T10:17:50.129Z] OPTIONS /api/quizzes/6a5217b5b2fb334f63441b98 204 0ms - IP: ::1
[2026-07-11T10:17:50.277Z] GET /api/quizzes/6a5217b5b2fb334f63441b98 304 147ms - IP: ::1
[2026-07-11T10:17:50.414Z] GET /api/quizzes/6a5217b5b2fb334f63441b98 304 137ms - IP: ::1
[2026-07-11T10:17:51.924Z] OPTIONS /api/courses/6a521764b2fb334f63441b97 204 2ms - IP: ::1
[2026-07-11T10:17:51.925Z] OPTIONS /api/courses/6a521764b2fb334f63441b97 204 1ms - IP: ::1
[2026-07-11T10:17:52.232Z] GET /api/courses/6a521764b2fb334f63441b97 304 300ms - IP: ::1
[2026-07-11T10:17:52.234Z] OPTIONS /api/quizzes/course/6a521764b2fb334f63441b97 204 1ms - IP: ::1
[2026-07-11T10:17:52.385Z] GET /api/quizzes/course/6a521764b2fb334f63441b97 304 149ms - IP: ::1
[2026-07-11T10:17:52.523Z] GET /api/courses/6a521764b2fb334f63441b97 304 291ms - IP: ::1
[2026-07-11T10:17:52.659Z] GET /api/quizzes/course/6a521764b2fb334f63441b97 304 127ms - IP: ::1
[2026-07-11T10:17:54.681Z] OPTIONS /api/courses/enrolled/me 204 1ms - IP: ::1
[2026-07-11T10:17:54.682Z] OPTIONS /api/courses/enrolled/me 204 0ms - IP: ::1
[2026-07-11T10:17:54.980Z] GET /api/courses/enrolled/me 304 297ms - IP: ::1
[2026-07-11T10:17:54.983Z] OPTIONS /api/quizzes/attempts/me 204 0ms - IP: ::1
[2026-07-11T10:17:55.378Z] GET /api/courses/enrolled/me 304 398ms - IP: ::1
[2026-07-11T10:17:55.554Z] GET /api/quizzes/attempts/me 200 569ms - IP: ::1
[2026-07-11T10:17:56.145Z] GET /api/quizzes/attempts/me 304 585ms - IP: ::1
[2026-07-11T10:18:51.950Z] GET /api/courses 304 428ms - IP: ::1
[2026-07-11T10:18:52.263Z] GET /api/courses 304 307ms - IP: ::1
[2026-07-11T10:22:03.041Z] GET /api/courses 304 1548ms - IP: ::1
[2026-07-11T10:22:03.393Z] GET /api/courses 304 346ms - IP: ::1
[2026-07-11T12:49:05.662Z] GET /api/courses 500 30159ms - IP: ::1
[2026-07-11T12:49:48.200Z] GET /api/courses 500 48101ms - IP: ::1
[2026-07-11T13:06:09.990Z] GET /api/courses 500 943570ms - IP: ::1
[2026-07-11T13:22:51.365Z] GET /api/courses 500 1001317ms - IP: ::1
[2026-07-11T13:25:52.545Z] GET /api/courses 500 35356ms - IP: ::1
[2026-07-11T13:26:10.849Z] GET /api/courses 500 32947ms - IP: ::1
[2026-07-11T13:32:31.506Z] GET /api/courses 500 287299ms - IP: ::1
[2026-07-11T13:33:26.133Z] GET /api/courses 500 54622ms - IP: ::1
[2026-07-11T14:36:24.691Z] GET /api/courses 500 98750ms - IP: ::1
[2026-07-11T14:51:33.582Z] GET /api/courses 500 908874ms - IP: ::1
[2026-07-11T15:13:25.310Z] GET /api/courses 500 980879ms - IP: ::1
[2026-07-11T15:25:11.938Z] GET /api/courses 500 706618ms - IP: ::1
[2026-07-11T16:58:28.352Z] GET /api/courses 500 1059054ms - IP: ::1
[2026-07-11T17:08:51.606Z] GET /api/courses 500 623248ms - IP: ::1
[2026-07-11T17:31:44.814Z] GET /api/courses 500 197721ms - IP: ::1
[2026-07-11T17:47:29.842Z] GET /api/courses 500 945019ms - IP: ::1
[2026-07-12T02:14:43.302Z] GET /api/courses 500 87498ms - IP: ::1
[2026-07-12T02:15:13.364Z] GET /api/courses 500 30033ms - IP: ::1
[2026-07-12T03:51:36.344Z] GET /api/courses 500 30027ms - IP: ::1
[2026-07-12T03:51:57.741Z] GET /api/courses 500 30017ms - IP: ::1
[2026-07-12T04:07:00.495Z] GET /api/courses 500 220941ms - IP: ::1
[2026-07-12T04:15:26.228Z] GET /api/courses 500 505728ms - IP: ::1
[2026-07-12T12:51:41.572Z] GET /api/courses 500 937131ms - IP: ::1
[2026-07-12T12:57:17.393Z] GET /api/courses 500 335817ms - IP: ::1
[2026-07-13T00:02:42.935Z] GET /api/courses 500 30010ms - IP: ::1
[2026-07-13T00:19:46.096Z] GET /api/courses 500 1023288ms - IP: ::1
[2026-07-13T00:22:24.102Z] GET /api/courses 500 33279ms - IP: ::1
[2026-07-13T00:40:26.804Z] GET /api/courses 500 1082696ms - IP: ::1
[2026-07-13T02:50:06.204Z] OPTIONS /api/courses 204 8ms - IP: ::1
[2026-07-13T02:50:06.219Z] OPTIONS /api/courses 204 1ms - IP: ::1
[2026-07-13T02:50:36.229Z] GET /api/courses 500 30021ms - IP: ::1
[2026-07-13T02:50:56.241Z] GET /api/courses 500 30012ms - IP: ::1
[2026-07-13T03:08:38.598Z] OPTIONS /api/auth/login 204 8ms - IP: ::1
[2026-07-13T03:08:39.587Z] POST /api/auth/login 401 988ms - IP: ::1
[2026-07-13T03:09:11.958Z] OPTIONS /api/auth/login 204 1ms - IP: ::1
[2026-07-13T03:09:12.187Z] POST /api/auth/login 200 228ms - IP: ::1
[2026-07-13T03:09:12.231Z] OPTIONS /api/courses/enrolled/me 204 1ms - IP: ::1
[2026-07-13T03:09:12.234Z] OPTIONS /api/courses/enrolled/me 204 0ms - IP: ::1
[2026-07-13T03:09:12.498Z] GET /api/courses/enrolled/me 304 263ms - IP: ::1
[2026-07-13T03:09:12.506Z] OPTIONS /api/quizzes/attempts/me 204 1ms - IP: ::1
[2026-07-13T03:09:12.745Z] GET /api/courses/enrolled/me 304 246ms - IP: ::1
[2026-07-13T03:09:13.404Z] GET /api/quizzes/attempts/me 200 895ms - IP: ::1
[2026-07-13T03:09:13.675Z] GET /api/quizzes/attempts/me 304 270ms - IP: ::1
[2026-07-13T03:09:18.609Z] OPTIONS /api/courses 204 0ms - IP: ::1
[2026-07-13T03:09:18.610Z] OPTIONS /api/courses 204 0ms - IP: ::1
[2026-07-13T03:09:18.919Z] GET /api/courses 200 308ms - IP: ::1
[2026-07-13T03:09:19.172Z] GET /api/courses 304 250ms - IP: ::1
[2026-07-13T03:09:21.499Z] OPTIONS /api/courses/6a521764b2fb334f63441b97 204 0ms - IP: ::1
[2026-07-13T03:09:21.500Z] OPTIONS /api/courses/6a521764b2fb334f63441b97 204 0ms - IP: ::1
[2026-07-13T03:09:21.749Z] GET /api/courses/6a521764b2fb334f63441b97 304 243ms - IP: ::1
[2026-07-13T03:09:21.754Z] OPTIONS /api/quizzes/course/6a521764b2fb334f63441b97 204 0ms - IP: ::1
[2026-07-13T03:09:21.883Z] GET /api/quizzes/course/6a521764b2fb334f63441b97 304 126ms - IP: ::1
[2026-07-13T03:09:22.064Z] GET /api/courses/6a521764b2fb334f63441b97 304 314ms - IP: ::1
[2026-07-13T03:09:22.199Z] GET /api/quizzes/course/6a521764b2fb334f63441b97 304 131ms - IP: ::1
[2026-07-13T03:09:24.038Z] OPTIONS /api/courses/6a521764b2fb334f63441b97/enroll 204 1ms - IP: ::1
[2026-07-13T03:09:24.555Z] POST /api/courses/6a521764b2fb334f63441b97/enroll 500 514ms - IP: ::1
[2026-07-13T03:09:27.310Z] POST /api/courses/6a521764b2fb334f63441b97/enroll 400 394ms - IP: ::1
[2026-07-13T03:09:27.547Z] POST /api/courses/6a521764b2fb334f63441b97/enroll 400 464ms - IP: ::1
[2026-07-13T03:09:28.159Z] POST /api/courses/6a521764b2fb334f63441b97/enroll 400 891ms - IP: ::1
[2026-07-13T03:09:29.589Z] OPTIONS /api/courses 204 1ms - IP: ::1
[2026-07-13T03:09:29.590Z] OPTIONS /api/courses 204 0ms - IP: ::1
[2026-07-13T03:09:29.796Z] GET /api/courses 200 205ms - IP: ::1
[2026-07-13T03:09:30.002Z] GET /api/courses 304 203ms - IP: ::1
[2026-07-13T03:09:33.704Z] OPTIONS /api/courses/6a521764b2fb334f63441b97 204 3ms - IP: ::1
[2026-07-13T03:09:33.710Z] OPTIONS /api/courses/6a521764b2fb334f63441b97 204 0ms - IP: ::1
[2026-07-13T03:09:33.912Z] GET /api/courses/6a521764b2fb334f63441b97 200 205ms - IP: ::1
[2026-07-13T03:09:33.917Z] OPTIONS /api/quizzes/course/6a521764b2fb334f63441b97 204 0ms - IP: ::1
[2026-07-13T03:09:34.037Z] GET /api/quizzes/course/6a521764b2fb334f63441b97 304 116ms - IP: ::1
[2026-07-13T03:09:34.129Z] GET /api/courses/6a521764b2fb334f63441b97 304 215ms - IP: ::1
[2026-07-13T03:09:34.273Z] GET /api/quizzes/course/6a521764b2fb334f63441b97 304 120ms - IP: ::1
[2026-07-13T03:12:53.912Z] OPTIONS /api/quizzes/6a5217b5b2fb334f63441b98 204 5ms - IP: ::1
[2026-07-13T03:12:53.914Z] OPTIONS /api/quizzes/6a5217b5b2fb334f63441b98 204 0ms - IP: ::1
[2026-07-13T03:12:54.033Z] GET /api/quizzes/6a5217b5b2fb334f63441b98 304 114ms - IP: ::1
[2026-07-13T03:12:54.130Z] GET /api/quizzes/6a5217b5b2fb334f63441b98 304 97ms - IP: ::1
[2026-07-13T03:12:57.739Z] OPTIONS /api/quizzes/6a5217b5b2fb334f63441b98/submit 204 4ms - IP: ::1
[2026-07-13T03:12:58.086Z] POST /api/quizzes/6a5217b5b2fb334f63441b98/submit 201 344ms - IP: ::1
[2026-07-13T03:12:59.408Z] OPTIONS /api/courses/6a521764b2fb334f63441b97 204 1ms - IP: ::1
[2026-07-13T03:12:59.409Z] OPTIONS /api/courses/6a521764b2fb334f63441b97 204 0ms - IP: ::1
[2026-07-13T03:12:59.618Z] GET /api/courses/6a521764b2fb334f63441b97 304 208ms - IP: ::1
[2026-07-13T03:12:59.621Z] OPTIONS /api/quizzes/course/6a521764b2fb334f63441b97 204 1ms - IP: ::1
[2026-07-13T03:12:59.737Z] GET /api/quizzes/course/6a521764b2fb334f63441b97 304 115ms - IP: ::1
[2026-07-13T03:12:59.826Z] GET /api/courses/6a521764b2fb334f63441b97 304 206ms - IP: ::1
[2026-07-13T03:12:59.938Z] GET /api/quizzes/course/6a521764b2fb334f63441b97 304 99ms - IP: ::1
[2026-07-13T03:13:07.295Z] OPTIONS /api/quizzes/6a5217b5b2fb334f63441b98 204 0ms - IP: ::1
[2026-07-13T03:13:07.295Z] OPTIONS /api/quizzes/6a5217b5b2fb334f63441b98 204 0ms - IP: ::1
[2026-07-13T03:13:08.050Z] GET /api/quizzes/6a5217b5b2fb334f63441b98 304 753ms - IP: ::1
[2026-07-13T03:13:08.201Z] GET /api/quizzes/6a5217b5b2fb334f63441b98 304 151ms - IP: ::1
[2026-07-13T03:13:56.475Z] OPTIONS /api/courses/enrolled/me 204 1ms - IP: ::1
[2026-07-13T03:13:56.476Z] OPTIONS /api/courses/enrolled/me 204 1ms - IP: ::1
[2026-07-13T03:13:56.804Z] GET /api/courses/enrolled/me 304 326ms - IP: ::1
[2026-07-13T03:13:56.814Z] OPTIONS /api/quizzes/attempts/me 204 1ms - IP: ::1
[2026-07-13T03:13:57.046Z] GET /api/courses/enrolled/me 304 238ms - IP: ::1
[2026-07-13T03:13:57.198Z] GET /api/quizzes/attempts/me 200 378ms - IP: ::1
[2026-07-13T03:13:57.567Z] GET /api/quizzes/attempts/me 304 368ms - IP: ::1
[2026-07-13T03:13:59.765Z] OPTIONS /api/courses 204 1ms - IP: ::1
[2026-07-13T03:13:59.767Z] OPTIONS /api/courses 204 1ms - IP: ::1
[2026-07-13T03:14:00.057Z] GET /api/courses 304 284ms - IP: ::1
[2026-07-13T03:14:00.285Z] GET /api/courses 304 228ms - IP: ::1
[2026-07-13T03:14:01.366Z] GET /api/courses 304 254ms - IP: ::1
[2026-07-13T03:14:01.607Z] GET /api/courses 304 240ms - IP: ::1
[2026-07-13T03:26:11.092Z] OPTIONS /api/courses 204 15ms - IP: ::1
[2026-07-13T03:26:11.152Z] OPTIONS /api/courses 204 0ms - IP: ::1
[2026-07-13T03:27:02.530Z] GET /api/courses 500 51428ms - IP: ::1
[2026-07-13T03:28:55.904Z] GET /api/courses 500 113350ms - IP: ::1
[2026-07-16T16:31:48.117Z] OPTIONS /api/courses 204 6ms - IP: ::1
[2026-07-16T16:31:48.124Z] OPTIONS /api/courses 204 1ms - IP: ::1
[2026-07-16T16:31:48.417Z] GET /api/courses 200 299ms - IP: ::1
[2026-07-16T16:31:48.749Z] GET /api/courses 304 332ms - IP: ::1
[2026-07-16T16:31:52.422Z] OPTIONS /api/courses/6a520aa41b36204703234418 204 1ms - IP: ::1
[2026-07-16T16:31:52.439Z] OPTIONS /api/courses/6a520aa41b36204703234418 204 1ms - IP: ::1
[2026-07-16T16:31:52.828Z] GET /api/courses/6a520aa41b36204703234418 200 387ms - IP: ::1
[2026-07-16T16:31:52.831Z] OPTIONS /api/quizzes/course/6a520aa41b36204703234418 204 1ms - IP: ::1
[2026-07-16T16:31:52.967Z] GET /api/quizzes/course/6a520aa41b36204703234418 200 136ms - IP: ::1
[2026-07-16T16:31:53.125Z] GET /api/courses/6a520aa41b36204703234418 304 296ms - IP: ::1
[2026-07-16T16:31:53.266Z] GET /api/quizzes/course/6a520aa41b36204703234418 304 139ms - IP: ::1
[2026-07-16T16:31:55.958Z] OPTIONS /api/courses/6a520aa41b36204703234418/enroll 204 1ms - IP: ::1
[2026-07-16T16:31:56.545Z] POST /api/courses/6a520aa41b36204703234418/enroll 500 586ms - IP: ::1
[2026-07-16T16:31:57.053Z] POST /api/courses/6a520aa41b36204703234418/enroll 400 434ms - IP: ::1
[2026-07-16T16:32:00.927Z] OPTIONS /api/courses 204 1ms - IP: ::1
[2026-07-16T16:32:00.928Z] OPTIONS /api/courses 204 0ms - IP: ::1
[2026-07-16T16:32:01.256Z] GET /api/courses 200 326ms - IP: ::1
[2026-07-16T16:32:01.632Z] GET /api/courses 304 375ms - IP: ::1
[2026-07-16T16:32:03.164Z] OPTIONS /api/courses/6a521764b2fb334f63441b97 204 2ms - IP: ::1
[2026-07-16T16:32:03.165Z] OPTIONS /api/courses/6a521764b2fb334f63441b97 204 0ms - IP: ::1
[2026-07-16T16:32:03.449Z] GET /api/courses/6a521764b2fb334f63441b97 304 282ms - IP: ::1
[2026-07-16T16:32:03.451Z] OPTIONS /api/quizzes/course/6a521764b2fb334f63441b97 204 1ms - IP: ::1
[2026-07-16T16:32:03.609Z] GET /api/quizzes/course/6a521764b2fb334f63441b97 304 156ms - IP: ::1
[2026-07-16T16:32:03.867Z] GET /api/courses/6a521764b2fb334f63441b97 304 418ms - IP: ::1
[2026-07-16T16:32:04.335Z] GET /api/quizzes/course/6a521764b2fb334f63441b97 304 137ms - IP: ::1
[2026-07-16T16:32:10.036Z] OPTIONS /api/courses 204 2ms - IP: ::1
[2026-07-16T16:32:10.037Z] OPTIONS /api/courses 204 0ms - IP: ::1
[2026-07-16T16:32:10.334Z] GET /api/courses 304 295ms - IP: ::1
[2026-07-16T16:32:10.601Z] GET /api/courses 304 266ms - IP: ::1
[2026-07-16T16:32:16.060Z] OPTIONS /api/courses/6a520aa41b3620470323441a 204 4ms - IP: ::1
[2026-07-16T16:32:16.067Z] OPTIONS /api/courses/6a520aa41b3620470323441a 204 0ms - IP: ::1
[2026-07-16T16:32:16.326Z] GET /api/courses/6a520aa41b3620470323441a 200 262ms - IP: ::1
[2026-07-16T16:32:16.333Z] OPTIONS /api/quizzes/course/6a520aa41b3620470323441a 204 1ms - IP: ::1
[2026-07-16T16:32:16.506Z] GET /api/quizzes/course/6a520aa41b3620470323441a 200 171ms - IP: ::1
[2026-07-16T16:32:16.643Z] GET /api/courses/6a520aa41b3620470323441a 304 316ms - IP: ::1
[2026-07-16T16:32:16.791Z] GET /api/quizzes/course/6a520aa41b3620470323441a 304 142ms - IP: ::1
[2026-07-16T16:32:17.624Z] OPTIONS /api/courses/6a520aa41b3620470323441a/enroll 204 1ms - IP: ::1
[2026-07-16T16:32:18.213Z] POST /api/courses/6a520aa41b3620470323441a/enroll 500 588ms - IP: ::1
[2026-07-16T16:32:23.410Z] OPTIONS /api/courses 204 1ms - IP: ::1
[2026-07-16T16:32:23.413Z] OPTIONS /api/courses 204 1ms - IP: ::1
[2026-07-16T16:32:23.819Z] GET /api/courses 200 405ms - IP: ::1
[2026-07-16T16:32:24.126Z] GET /api/courses 304 307ms - IP: ::1
[2026-07-16T16:33:05.280Z] OPTIONS /api/auth/login 204 3ms - IP: ::1
[2026-07-16T16:33:06.144Z] POST /api/auth/login 200 862ms - IP: ::1
[2026-07-16T16:33:06.169Z] OPTIONS /api/courses 204 1ms - IP: ::1
[2026-07-16T16:33:06.169Z] OPTIONS /api/courses 204 0ms - IP: ::1
[2026-07-16T16:33:12.054Z] GET /api/courses 304 5881ms - IP: ::1
[2026-07-16T16:33:16.328Z] GET /api/courses 304 4274ms - IP: ::1
[2026-07-16T16:35:24.568Z] OPTIONS /api/courses 204 3ms - IP: ::1
[2026-07-16T16:37:00.647Z] POST /api/courses 201 96075ms - IP: ::1
[2026-07-16T16:37:44.895Z] OPTIONS /api/quizzes 204 1ms - IP: ::1
[2026-07-16T16:37:45.382Z] POST /api/quizzes 201 486ms - IP: ::1
[2026-07-16T16:37:47.434Z] OPTIONS /api/courses 204 1ms - IP: ::1
[2026-07-16T16:37:47.435Z] OPTIONS /api/courses 204 1ms - IP: ::1
[2026-07-16T16:37:47.800Z] GET /api/courses 200 361ms - IP: ::1
[2026-07-16T16:37:48.117Z] GET /api/courses 304 317ms - IP: ::1
[2026-07-16T16:37:58.339Z] OPTIONS /api/auth/login 204 0ms - IP: ::1
[2026-07-16T16:37:58.494Z] POST /api/auth/login 401 154ms - IP: ::1
[2026-07-16T16:38:03.437Z] OPTIONS /api/auth/login 204 0ms - IP: ::1
[2026-07-16T16:38:03.587Z] POST /api/auth/login 401 149ms - IP: ::1
[2026-07-16T16:38:25.874Z] OPTIONS /api/auth/login 204 1ms - IP: ::1
[2026-07-16T16:38:26.133Z] POST /api/auth/login 200 258ms - IP: ::1
[2026-07-16T16:38:26.155Z] OPTIONS /api/courses/enrolled/me 204 0ms - IP: ::1
[2026-07-16T16:38:26.157Z] OPTIONS /api/courses/enrolled/me 204 0ms - IP: ::1
[2026-07-16T16:38:26.464Z] GET /api/courses/enrolled/me 304 306ms - IP: ::1
[2026-07-16T16:38:26.475Z] OPTIONS /api/quizzes/attempts/me 204 1ms - IP: ::1
[2026-07-16T16:38:28.078Z] GET /api/courses/enrolled/me 304 1610ms - IP: ::1
[2026-07-16T16:38:28.243Z] GET /api/quizzes/attempts/me 304 1765ms - IP: ::1
[2026-07-16T16:38:28.697Z] GET /api/quizzes/attempts/me 304 453ms - IP: ::1
[2026-07-16T16:38:37.236Z] OPTIONS /api/courses 204 0ms - IP: ::1
[2026-07-16T16:38:37.238Z] OPTIONS /api/courses 204 1ms - IP: ::1
[2026-07-16T16:38:37.535Z] GET /api/courses 304 294ms - IP: ::1
[2026-07-16T16:38:37.815Z] GET /api/courses 304 279ms - IP: ::1
[2026-07-16T16:38:40.567Z] OPTIONS /api/courses/6a5908ac23e612803c3dc226 204 0ms - IP: ::1
[2026-07-16T16:38:40.569Z] OPTIONS /api/courses/6a5908ac23e612803c3dc226 204 0ms - IP: ::1
[2026-07-16T16:38:40.856Z] GET /api/courses/6a5908ac23e612803c3dc226 200 284ms - IP: ::1
[2026-07-16T16:38:40.861Z] OPTIONS /api/quizzes/course/6a5908ac23e612803c3dc226 204 2ms - IP: ::1
[2026-07-16T16:38:41.014Z] GET /api/quizzes/course/6a5908ac23e612803c3dc226 200 153ms - IP: ::1
[2026-07-16T16:38:41.145Z] GET /api/courses/6a5908ac23e612803c3dc226 304 289ms - IP: ::1
[2026-07-16T16:38:41.305Z] GET /api/quizzes/course/6a5908ac23e612803c3dc226 304 154ms - IP: ::1
[2026-07-16T16:38:42.220Z] OPTIONS /api/courses/6a5908ac23e612803c3dc226/enroll 204 0ms - IP: ::1
[2026-07-16T16:38:42.790Z] POST /api/courses/6a5908ac23e612803c3dc226/enroll 500 568ms - IP: ::1
[2026-07-16T16:38:44.428Z] POST /api/courses/6a5908ac23e612803c3dc226/enroll 400 523ms - IP: ::1
[2026-07-16T16:38:44.871Z] POST /api/courses/6a5908ac23e612803c3dc226/enroll 400 482ms - IP: ::1
[2026-07-16T16:38:46.401Z] POST /api/courses/6a5908ac23e612803c3dc226/enroll 400 462ms - IP: ::1
[2026-07-16T16:38:54.177Z] OPTIONS /api/courses 204 1ms - IP: ::1
[2026-07-16T16:38:54.179Z] OPTIONS /api/courses 204 1ms - IP: ::1
[2026-07-16T16:38:54.473Z] GET /api/courses 200 292ms - IP: ::1
[2026-07-16T16:38:54.775Z] GET /api/courses 304 298ms - IP: ::1
[2026-07-16T16:38:57.553Z] OPTIONS /api/courses/6a521764b2fb334f63441b97 204 1ms - IP: ::1
[2026-07-16T16:38:57.556Z] OPTIONS /api/courses/6a521764b2fb334f63441b97 204 2ms - IP: ::1
[2026-07-16T16:38:57.810Z] GET /api/courses/6a521764b2fb334f63441b97 304 252ms - IP: ::1
[2026-07-16T16:38:57.814Z] OPTIONS /api/quizzes/course/6a521764b2fb334f63441b97 204 1ms - IP: ::1
[2026-07-16T16:38:58.053Z] GET /api/quizzes/course/6a521764b2fb334f63441b97 304 237ms - IP: ::1
[2026-07-16T16:38:58.191Z] GET /api/courses/6a521764b2fb334f63441b97 304 380ms - IP: ::1
[2026-07-16T16:38:58.316Z] GET /api/quizzes/course/6a521764b2fb334f63441b97 304 122ms - IP: ::1
[2026-07-16T16:38:59.612Z] OPTIONS /api/courses 204 1ms - IP: ::1
[2026-07-16T16:38:59.614Z] OPTIONS /api/courses 204 1ms - IP: ::1
[2026-07-16T16:39:00.160Z] GET /api/courses 304 545ms - IP: ::1
[2026-07-16T16:39:00.530Z] GET /api/courses 304 369ms - IP: ::1
[2026-07-16T16:39:46.665Z] OPTIONS /api/auth/login 204 4ms - IP: ::1
[2026-07-16T16:39:46.947Z] POST /api/auth/login 200 281ms - IP: ::1
[2026-07-16T16:39:46.969Z] OPTIONS /api/courses/enrolled/me 204 1ms - IP: ::1
[2026-07-16T16:39:46.971Z] OPTIONS /api/courses/enrolled/me 204 1ms - IP: ::1
[2026-07-16T16:39:47.341Z] GET /api/courses/enrolled/me 304 369ms - IP: ::1
[2026-07-16T16:39:47.349Z] OPTIONS /api/quizzes/attempts/me 204 1ms - IP: ::1
[2026-07-16T16:39:48.536Z] GET /api/courses/enrolled/me 304 1194ms - IP: ::1
[2026-07-16T16:39:48.739Z] GET /api/quizzes/attempts/me 200 1387ms - IP: ::1
[2026-07-16T16:39:49.167Z] GET /api/quizzes/attempts/me 304 427ms - IP: ::1
[2026-07-16T16:39:53.866Z] OPTIONS /api/courses 204 0ms - IP: ::1
[2026-07-16T16:39:53.867Z] OPTIONS /api/courses 204 1ms - IP: ::1
[2026-07-16T16:39:54.173Z] GET /api/courses 304 304ms - IP: ::1
[2026-07-16T16:39:54.543Z] GET /api/courses 304 370ms - IP: ::1
[2026-07-16T16:39:56.155Z] OPTIONS /api/courses/6a5908ac23e612803c3dc226 204 1ms - IP: ::1
[2026-07-16T16:39:56.156Z] OPTIONS /api/courses/6a5908ac23e612803c3dc226 204 0ms - IP: ::1
[2026-07-16T16:39:56.452Z] GET /api/courses/6a5908ac23e612803c3dc226 200 292ms - IP: ::1
[2026-07-16T16:39:56.457Z] OPTIONS /api/quizzes/course/6a5908ac23e612803c3dc226 204 1ms - IP: ::1
[2026-07-16T16:39:56.642Z] GET /api/quizzes/course/6a5908ac23e612803c3dc226 304 182ms - IP: ::1
[2026-07-16T16:39:56.779Z] GET /api/courses/6a5908ac23e612803c3dc226 304 325ms - IP: ::1
[2026-07-16T16:39:56.941Z] GET /api/quizzes/course/6a5908ac23e612803c3dc226 304 153ms - IP: ::1
[2026-07-16T16:39:57.421Z] OPTIONS /api/courses/6a5908ac23e612803c3dc226/enroll 204 0ms - IP: ::1
[2026-07-16T16:39:58.030Z] POST /api/courses/6a5908ac23e612803c3dc226/enroll 500 607ms - IP: ::1
[2026-07-16T16:43:05.287Z] OPTIONS /api/courses/6a5908ac23e612803c3dc226/enroll 204 4ms - IP: ::1
[2026-07-16T16:43:05.982Z] POST /api/courses/6a5908ac23e612803c3dc226/enroll 400 693ms - IP: ::1
[2026-07-16T16:43:16.657Z] OPTIONS /api/courses/6a5908ac23e612803c3dc226/enroll 204 4ms - IP: ::1
[2026-07-16T16:43:17.223Z] POST /api/courses/6a5908ac23e612803c3dc226/enroll 400 564ms - IP: ::1
[2026-07-16T16:47:03.941Z] GET /api/health 200 10ms - IP: ::ffff:127.0.0.1
[2026-07-16T16:47:03.942Z] GET /api/health 200 0ms - IP: ::1
[2026-07-16T16:50:29.944Z] OPTIONS /api/courses/6a5908ac23e612803c3dc226/enroll 204 21ms - IP: ::1
[2026-07-16T16:50:30.790Z] POST /api/courses/6a5908ac23e612803c3dc226/enroll 200 842ms - IP: ::1
[2026-07-16T16:53:29.698Z] OPTIONS /api/quizzes/6a5908d923e612803c3dc227 204 6ms - IP: ::1
[2026-07-16T16:53:29.709Z] OPTIONS /api/quizzes/6a5908d923e612803c3dc227 204 0ms - IP: ::1
[2026-07-16T16:53:29.876Z] GET /api/quizzes/6a5908d923e612803c3dc227 200 176ms - IP: ::1
[2026-07-16T16:53:30.032Z] GET /api/quizzes/6a5908d923e612803c3dc227 304 155ms - IP: ::1
[2026-07-16T16:53:33.222Z] OPTIONS /api/quizzes/6a5908d923e612803c3dc227/submit 204 2ms - IP: ::1
[2026-07-16T16:53:34.111Z] POST /api/quizzes/6a5908d923e612803c3dc227/submit 201 888ms - IP: ::1
[2026-07-16T16:53:35.645Z] OPTIONS /api/courses/6a5908ac23e612803c3dc226 204 2ms - IP: ::1
[2026-07-16T16:53:35.646Z] OPTIONS /api/courses/6a5908ac23e612803c3dc226 204 0ms - IP: ::1
[2026-07-16T16:53:35.977Z] GET /api/courses/6a5908ac23e612803c3dc226 200 330ms - IP: ::1
[2026-07-16T16:53:35.986Z] OPTIONS /api/quizzes/course/6a5908ac23e612803c3dc226 204 0ms - IP: ::1
[2026-07-16T16:53:36.152Z] GET /api/quizzes/course/6a5908ac23e612803c3dc226 304 160ms - IP: ::1
[2026-07-16T16:53:36.344Z] GET /api/courses/6a5908ac23e612803c3dc226 304 364ms - IP: ::1
[2026-07-16T16:53:36.640Z] GET /api/quizzes/course/6a5908ac23e612803c3dc226 304 171ms - IP: ::1
[2026-07-16T16:53:38.900Z] OPTIONS /api/courses 204 2ms - IP: ::1
[2026-07-16T16:53:38.902Z] OPTIONS /api/courses 204 1ms - IP: ::1
[2026-07-16T16:53:42.095Z] GET /api/courses 200 3189ms - IP: ::1
[2026-07-16T16:53:45.152Z] OPTIONS /api/courses/6a520aa41b36204703234419 204 0ms - IP: ::1
[2026-07-16T16:53:45.169Z] OPTIONS /api/courses/6a520aa41b36204703234419 204 5ms - IP: ::1
[2026-07-16T16:53:45.937Z] GET /api/courses 304 3839ms - IP: ::1
[2026-07-16T16:53:47.312Z] GET /api/courses/6a520aa41b36204703234419 200 2142ms - IP: ::1
[2026-07-16T16:53:47.326Z] OPTIONS /api/quizzes/course/6a520aa41b36204703234419 204 6ms - IP: ::1
[2026-07-16T16:53:48.061Z] GET /api/quizzes/course/6a520aa41b36204703234419 200 734ms - IP: ::1
[2026-07-16T16:53:48.819Z] GET /api/courses/6a520aa41b36204703234419 304 1504ms - IP: ::1
[2026-07-16T16:53:48.894Z] OPTIONS /api/courses/6a520aa41b36204703234419/enroll 204 0ms - IP: ::1
[2026-07-16T16:53:49.067Z] GET /api/quizzes/course/6a520aa41b36204703234419 304 239ms - IP: ::1
[2026-07-16T16:53:51.135Z] POST /api/courses/6a520aa41b36204703234419/enroll 200 2239ms - IP: ::1
[2026-07-16T16:53:54.318Z] OPTIONS /api/quizzes/6a520aa41b3620470323441f 204 0ms - IP: ::1
[2026-07-16T16:53:54.319Z] OPTIONS /api/quizzes/6a520aa41b3620470323441f 204 0ms - IP: ::1
[2026-07-16T16:53:54.921Z] GET /api/quizzes/6a520aa41b3620470323441f 200 601ms - IP: ::1
[2026-07-16T16:53:55.376Z] GET /api/quizzes/6a520aa41b3620470323441f 304 454ms - IP: ::1
[2026-07-16T16:54:15.140Z] OPTIONS /api/quizzes/6a520aa41b3620470323441f/submit 204 2ms - IP: ::1
[2026-07-16T16:54:15.629Z] POST /api/quizzes/6a520aa41b3620470323441f/submit 201 488ms - IP: ::1
[2026-07-16T16:54:16.991Z] OPTIONS /api/courses/6a520aa41b36204703234419 204 1ms - IP: ::1
[2026-07-16T16:54:16.991Z] OPTIONS /api/courses/6a520aa41b36204703234419 204 0ms - IP: ::1
[2026-07-16T16:54:17.299Z] GET /api/courses/6a520aa41b36204703234419 200 306ms - IP: ::1
[2026-07-16T16:54:17.306Z] OPTIONS /api/quizzes/course/6a520aa41b36204703234419 204 0ms - IP: ::1
[2026-07-16T16:54:17.443Z] GET /api/quizzes/course/6a520aa41b36204703234419 304 134ms - IP: ::1
[2026-07-16T16:54:17.679Z] GET /api/courses/6a520aa41b36204703234419 304 379ms - IP: ::1
[2026-07-16T16:54:17.843Z] GET /api/quizzes/course/6a520aa41b36204703234419 304 154ms - IP: ::1
[2026-07-16T16:54:29.564Z] OPTIONS /api/courses/enrolled/me 204 2ms - IP: ::1
[2026-07-16T16:54:29.574Z] OPTIONS /api/courses/enrolled/me 204 0ms - IP: ::1
[2026-07-16T16:54:30.146Z] GET /api/courses/enrolled/me 200 571ms - IP: ::1
[2026-07-16T16:54:30.149Z] OPTIONS /api/quizzes/attempts/me 204 0ms - IP: ::1
[2026-07-16T16:54:30.569Z] GET /api/quizzes/attempts/me 200 418ms - IP: ::1
[2026-07-16T16:54:30.729Z] GET /api/courses/enrolled/me 304 582ms - IP: ::1
[2026-07-16T16:54:31.211Z] GET /api/quizzes/attempts/me 304 476ms - IP: ::1
[2026-07-16T16:54:39.285Z] OPTIONS /api/courses/6a520aa41b36204703234419 204 1ms - IP: ::1
[2026-07-16T16:54:39.288Z] OPTIONS /api/courses/6a520aa41b36204703234419 204 1ms - IP: ::1
[2026-07-16T16:54:39.568Z] GET /api/courses/6a520aa41b36204703234419 304 278ms - IP: ::1
[2026-07-16T16:54:39.577Z] OPTIONS /api/quizzes/course/6a520aa41b36204703234419 204 1ms - IP: ::1
[2026-07-16T16:54:39.739Z] GET /api/quizzes/course/6a520aa41b36204703234419 304 147ms - IP: ::1
[2026-07-16T16:54:39.875Z] GET /api/courses/6a520aa41b36204703234419 304 306ms - IP: ::1
[2026-07-16T16:54:40.009Z] GET /api/quizzes/course/6a520aa41b36204703234419 304 132ms - IP: ::1
[2026-07-16T16:54:41.939Z] OPTIONS /api/courses/enrolled/me 204 1ms - IP: ::1
[2026-07-16T16:54:41.940Z] OPTIONS /api/courses/enrolled/me 204 1ms - IP: ::1
[2026-07-16T16:54:42.507Z] GET /api/courses/enrolled/me 304 563ms - IP: ::1
[2026-07-16T16:54:42.517Z] OPTIONS /api/quizzes/attempts/me 204 0ms - IP: ::1
[2026-07-16T16:54:43.014Z] GET /api/quizzes/attempts/me 304 493ms - IP: ::1
[2026-07-16T16:54:43.156Z] GET /api/courses/enrolled/me 304 648ms - IP: ::1
[2026-07-16T16:54:43.755Z] GET /api/quizzes/attempts/me 304 591ms - IP: ::1
[2026-07-16T16:54:47.506Z] OPTIONS /api/courses/6a520aa41b36204703234419 204 1ms - IP: ::1
[2026-07-16T16:54:47.509Z] OPTIONS /api/courses/6a520aa41b36204703234419 204 0ms - IP: ::1
[2026-07-16T16:54:48.626Z] GET /api/courses/6a520aa41b36204703234419 304 1116ms - IP: ::1
[2026-07-16T16:54:48.638Z] OPTIONS /api/quizzes/course/6a520aa41b36204703234419 204 6ms - IP: ::1
[2026-07-16T16:54:48.842Z] GET /api/quizzes/course/6a520aa41b36204703234419 304 204ms - IP: ::1
[2026-07-16T16:54:49.370Z] GET /api/courses/6a520aa41b36204703234419 304 741ms - IP: ::1
[2026-07-16T16:54:49.781Z] GET /api/quizzes/course/6a520aa41b36204703234419 304 405ms - IP: ::1
[2026-07-16T16:54:49.906Z] OPTIONS /api/courses 204 0ms - IP: ::1
[2026-07-16T16:54:49.907Z] OPTIONS /api/courses 204 0ms - IP: ::1
[2026-07-16T16:54:50.242Z] GET /api/courses 200 328ms - IP: ::1
[2026-07-16T16:54:50.541Z] GET /api/courses 304 292ms - IP: ::1
[2026-07-16T16:54:54.297Z] OPTIONS /api/courses/6a520aa41b36204703234418 204 1ms - IP: ::1
[2026-07-16T16:54:54.298Z] OPTIONS /api/courses/6a520aa41b36204703234418 204 1ms - IP: ::1
[2026-07-16T16:54:54.567Z] GET /api/courses/6a520aa41b36204703234418 200 266ms - IP: ::1
[2026-07-16T16:54:54.578Z] OPTIONS /api/quizzes/course/6a520aa41b36204703234418 204 1ms - IP: ::1
[2026-07-16T16:54:54.732Z] GET /api/quizzes/course/6a520aa41b36204703234418 304 149ms - IP: ::1
[2026-07-16T16:54:54.850Z] GET /api/courses/6a520aa41b36204703234418 304 280ms - IP: ::1
[2026-07-16T16:54:54.987Z] GET /api/quizzes/course/6a520aa41b36204703234418 304 133ms - IP: ::1
[2026-07-16T16:54:56.728Z] OPTIONS /api/courses/6a520aa41b36204703234418/enroll 204 1ms - IP: ::1
[2026-07-16T16:54:57.552Z] POST /api/courses/6a520aa41b36204703234418/enroll 200 820ms - IP: ::1
[2026-07-16T16:55:02.379Z] OPTIONS /api/courses 204 1ms - IP: ::1
[2026-07-16T16:55:02.380Z] OPTIONS /api/courses 204 0ms - IP: ::1
[2026-07-16T16:55:02.956Z] GET /api/courses 200 574ms - IP: ::1
[2026-07-16T16:55:03.295Z] GET /api/courses 304 338ms - IP: ::1
[2026-07-16T16:55:03.843Z] OPTIONS /api/courses/6a520aa41b36204703234418 204 1ms - IP: ::1
[2026-07-16T16:55:03.843Z] OPTIONS /api/courses/6a520aa41b36204703234418 204 0ms - IP: ::1
[2026-07-16T16:55:04.140Z] GET /api/courses/6a520aa41b36204703234418 200 289ms - IP: ::1
[2026-07-16T16:55:04.147Z] OPTIONS /api/quizzes/course/6a520aa41b36204703234418 204 0ms - IP: ::1
[2026-07-16T16:55:04.281Z] GET /api/quizzes/course/6a520aa41b36204703234418 304 131ms - IP: ::1
[2026-07-16T16:55:04.415Z] GET /api/courses/6a520aa41b36204703234418 304 273ms - IP: ::1
[2026-07-16T16:55:04.554Z] GET /api/quizzes/course/6a520aa41b36204703234418 304 132ms - IP: ::1
[2026-07-16T16:55:06.829Z] GET /api/courses 304 293ms - IP: ::1
[2026-07-16T16:55:07.129Z] GET /api/courses 304 299ms - IP: ::1
[2026-07-16T16:55:31.429Z] OPTIONS /api/courses/6a520aa41b36204703234419 204 1ms - IP: ::1
[2026-07-16T16:55:31.430Z] OPTIONS /api/courses/6a520aa41b36204703234419 204 0ms - IP: ::1
[2026-07-16T16:55:31.695Z] GET /api/courses/6a520aa41b36204703234419 304 263ms - IP: ::1
[2026-07-16T16:55:31.701Z] OPTIONS /api/quizzes/course/6a520aa41b36204703234419 204 1ms - IP: ::1
[2026-07-16T16:55:31.879Z] GET /api/quizzes/course/6a520aa41b36204703234419 304 176ms - IP: ::1
[2026-07-16T16:55:32.016Z] GET /api/courses/6a520aa41b36204703234419 304 320ms - IP: ::1
[2026-07-16T16:55:32.176Z] GET /api/quizzes/course/6a520aa41b36204703234419 304 157ms - IP: ::1
[2026-07-16T16:55:33.922Z] OPTIONS /api/quizzes/6a520aa41b3620470323441f 204 1ms - IP: ::1
[2026-07-16T16:55:33.923Z] OPTIONS /api/quizzes/6a520aa41b3620470323441f 204 1ms - IP: ::1
[2026-07-16T16:55:34.089Z] GET /api/quizzes/6a520aa41b3620470323441f 304 162ms - IP: ::1
[2026-07-16T16:55:34.241Z] GET /api/quizzes/6a520aa41b3620470323441f 304 147ms - IP: ::1
[2026-07-16T16:55:36.503Z] OPTIONS /api/courses/6a520aa41b36204703234419 204 1ms - IP: ::1
[2026-07-16T16:55:36.504Z] OPTIONS /api/courses/6a520aa41b36204703234419 204 1ms - IP: ::1
[2026-07-16T16:55:36.807Z] GET /api/courses/6a520aa41b36204703234419 304 301ms - IP: ::1
[2026-07-16T16:55:36.812Z] OPTIONS /api/quizzes/course/6a520aa41b36204703234419 204 0ms - IP: ::1
[2026-07-16T16:55:36.964Z] GET /api/quizzes/course/6a520aa41b36204703234419 304 149ms - IP: ::1
[2026-07-16T16:55:37.129Z] GET /api/courses/6a520aa41b36204703234419 304 320ms - IP: ::1
[2026-07-16T16:55:37.381Z] GET /api/quizzes/course/6a520aa41b36204703234419 304 250ms - IP: ::1
[2026-07-16T16:56:34.047Z] OPTIONS /api/auth/login 204 1ms - IP: ::1
[2026-07-16T16:56:34.319Z] POST /api/auth/login 200 271ms - IP: ::1
[2026-07-16T16:56:34.342Z] OPTIONS /api/courses/enrolled/me 204 1ms - IP: ::1
[2026-07-16T16:56:34.343Z] OPTIONS /api/courses/enrolled/me 204 0ms - IP: ::1
[2026-07-16T16:56:34.765Z] GET /api/courses/enrolled/me 200 421ms - IP: ::1
[2026-07-16T16:56:34.774Z] OPTIONS /api/quizzes/attempts/me 204 0ms - IP: ::1
[2026-07-16T16:56:35.175Z] GET /api/quizzes/attempts/me 200 396ms - IP: ::1
[2026-07-16T16:56:35.187Z] GET /api/courses/enrolled/me 304 420ms - IP: ::1
[2026-07-16T16:56:35.527Z] GET /api/quizzes/attempts/me 304 335ms - IP: ::1
[2026-07-16T16:56:38.690Z] OPTIONS /api/courses 204 0ms - IP: ::1
[2026-07-16T16:56:38.693Z] OPTIONS /api/courses 204 1ms - IP: ::1
[2026-07-16T16:56:39.094Z] GET /api/courses 304 400ms - IP: ::1
[2026-07-16T16:56:39.379Z] GET /api/courses 304 284ms - IP: ::1
[2026-07-16T16:56:40.792Z] OPTIONS /api/courses/6a521764b2fb334f63441b97 204 0ms - IP: ::1
[2026-07-16T16:56:40.793Z] OPTIONS /api/courses/6a521764b2fb334f63441b97 204 0ms - IP: ::1
[2026-07-16T16:56:41.193Z] GET /api/courses/6a521764b2fb334f63441b97 200 397ms - IP: ::1
[2026-07-16T16:56:41.201Z] OPTIONS /api/quizzes/course/6a521764b2fb334f63441b97 204 1ms - IP: ::1
[2026-07-16T16:56:41.352Z] GET /api/quizzes/course/6a521764b2fb334f63441b97 304 146ms - IP: ::1
[2026-07-16T16:56:41.478Z] GET /api/courses/6a521764b2fb334f63441b97 304 283ms - IP: ::1
[2026-07-16T16:56:41.645Z] GET /api/quizzes/course/6a521764b2fb334f63441b97 304 159ms - IP: ::1
[2026-07-16T16:56:42.678Z] OPTIONS /api/courses/6a521764b2fb334f63441b97/enroll 204 1ms - IP: ::1
[2026-07-16T16:56:43.457Z] POST /api/courses/6a521764b2fb334f63441b97/enroll 200 777ms - IP: ::1
[2026-07-16T16:57:00.512Z] OPTIONS /api/quizzes/6a5217b5b2fb334f63441b98 204 1ms - IP: ::1
[2026-07-16T16:57:00.513Z] OPTIONS /api/quizzes/6a5217b5b2fb334f63441b98 204 1ms - IP: ::1
[2026-07-16T16:57:00.672Z] GET /api/quizzes/6a5217b5b2fb334f63441b98 304 156ms - IP: ::1
[2026-07-16T16:57:00.827Z] GET /api/quizzes/6a5217b5b2fb334f63441b98 304 155ms - IP: ::1
[2026-07-16T16:57:03.169Z] OPTIONS /api/quizzes/6a5217b5b2fb334f63441b98/submit 204 1ms - IP: ::1
[2026-07-16T16:57:03.697Z] POST /api/quizzes/6a5217b5b2fb334f63441b98/submit 201 526ms - IP: ::1
[2026-07-16T16:57:04.611Z] OPTIONS /api/courses/6a521764b2fb334f63441b97 204 0ms - IP: ::1
[2026-07-16T16:57:04.612Z] OPTIONS /api/courses/6a521764b2fb334f63441b97 204 1ms - IP: ::1
[2026-07-16T16:57:04.953Z] GET /api/courses/6a521764b2fb334f63441b97 200 340ms - IP: ::1
[2026-07-16T16:57:04.963Z] OPTIONS /api/quizzes/course/6a521764b2fb334f63441b97 204 0ms - IP: ::1
[2026-07-16T16:57:05.128Z] GET /api/quizzes/course/6a521764b2fb334f63441b97 304 157ms - IP: ::1
[2026-07-16T16:57:05.307Z] GET /api/courses/6a521764b2fb334f63441b97 304 350ms - IP: ::1
[2026-07-16T16:57:05.456Z] GET /api/quizzes/course/6a521764b2fb334f63441b97 304 145ms - IP: ::1
[2026-07-16T16:57:08.096Z] OPTIONS /api/courses 204 0ms - IP: ::1
[2026-07-16T16:57:08.098Z] OPTIONS /api/courses 204 1ms - IP: ::1
[2026-07-16T16:57:08.480Z] GET /api/courses 200 379ms - IP: ::1
[2026-07-16T16:57:08.821Z] GET /api/courses 304 340ms - IP: ::1
[2026-07-16T16:57:32.273Z] OPTIONS /api/courses/6a520aa41b36204703234419 204 6ms - IP: ::1
[2026-07-16T16:57:32.275Z] OPTIONS /api/courses/6a520aa41b36204703234419 204 0ms - IP: ::1
[2026-07-16T16:57:32.587Z] GET /api/courses/6a520aa41b36204703234419 304 312ms - IP: ::1
[2026-07-16T16:57:32.602Z] OPTIONS /api/quizzes/course/6a520aa41b36204703234419 204 0ms - IP: ::1
[2026-07-16T16:57:32.749Z] GET /api/quizzes/course/6a520aa41b36204703234419 304 144ms - IP: ::1
[2026-07-16T16:57:32.888Z] GET /api/courses/6a520aa41b36204703234419 304 298ms - IP: ::1
[2026-07-16T16:57:33.101Z] GET /api/quizzes/course/6a520aa41b36204703234419 304 206ms - IP: ::1
[2026-07-16T16:57:33.978Z] OPTIONS /api/courses/6a520aa41b36204703234419/enroll 204 0ms - IP: ::1
[2026-07-16T16:57:34.825Z] POST /api/courses/6a520aa41b36204703234419/enroll 200 845ms - IP: ::1
[2026-07-16T16:57:37.801Z] OPTIONS /api/quizzes/6a520aa41b3620470323441f 204 1ms - IP: ::1
[2026-07-16T16:57:37.803Z] OPTIONS /api/quizzes/6a520aa41b3620470323441f 204 2ms - IP: ::1
[2026-07-16T16:57:38.002Z] GET /api/quizzes/6a520aa41b3620470323441f 304 197ms - IP: ::1
[2026-07-16T16:57:38.156Z] GET /api/quizzes/6a520aa41b3620470323441f 304 153ms - IP: ::1
[2026-07-16T16:57:46.519Z] OPTIONS /api/quizzes/6a520aa41b3620470323441f/submit 204 1ms - IP: ::1
[2026-07-16T16:57:46.999Z] POST /api/quizzes/6a520aa41b3620470323441f/submit 201 478ms - IP: ::1
[2026-07-16T16:57:48.030Z] OPTIONS /api/courses/6a520aa41b36204703234419 204 1ms - IP: ::1
[2026-07-16T16:57:48.031Z] OPTIONS /api/courses/6a520aa41b36204703234419 204 0ms - IP: ::1
[2026-07-16T16:57:48.346Z] GET /api/courses/6a520aa41b36204703234419 200 312ms - IP: ::1
[2026-07-16T16:57:48.348Z] OPTIONS /api/quizzes/course/6a520aa41b36204703234419 204 0ms - IP: ::1
[2026-07-16T16:57:48.500Z] GET /api/quizzes/course/6a520aa41b36204703234419 304 151ms - IP: ::1
[2026-07-16T16:57:48.651Z] GET /api/courses/6a520aa41b36204703234419 304 305ms - IP: ::1
[2026-07-16T16:57:48.834Z] GET /api/quizzes/course/6a520aa41b36204703234419 304 177ms - IP: ::1
[2026-07-16T16:57:52.643Z] OPTIONS /api/courses 204 0ms - IP: ::1
[2026-07-16T16:57:52.644Z] OPTIONS /api/courses 204 0ms - IP: ::1
[2026-07-16T16:57:52.981Z] GET /api/courses 200 331ms - IP: ::1
[2026-07-16T16:57:53.283Z] GET /api/courses 304 301ms - IP: ::1
[2026-07-16T16:57:54.061Z] OPTIONS /api/courses/enrolled/me 204 0ms - IP: ::1
[2026-07-16T16:57:54.062Z] OPTIONS /api/courses/enrolled/me 204 0ms - IP: ::1
[2026-07-16T16:57:54.741Z] GET /api/courses/enrolled/me 200 675ms - IP: ::1
[2026-07-16T16:57:54.751Z] OPTIONS /api/quizzes/attempts/me 204 0ms - IP: ::1
[2026-07-16T16:57:55.206Z] GET /api/quizzes/attempts/me 200 450ms - IP: ::1
[2026-07-16T16:57:55.395Z] GET /api/courses/enrolled/me 304 651ms - IP: ::1
[2026-07-16T16:57:56.013Z] GET /api/quizzes/attempts/me 304 610ms - IP: ::1
[2026-07-16T17:01:03.463Z] OPTIONS /api/courses/enrolled/me 204 1ms - IP: ::1
[2026-07-16T17:01:03.465Z] OPTIONS /api/courses/enrolled/me 204 1ms - IP: ::1
[2026-07-16T17:01:04.128Z] GET /api/courses/enrolled/me 304 661ms - IP: ::1
[2026-07-16T17:01:04.143Z] OPTIONS /api/quizzes/attempts/me 204 0ms - IP: ::1
[2026-07-16T17:01:04.616Z] GET /api/quizzes/attempts/me 304 469ms - IP: ::1
[2026-07-16T17:01:04.765Z] GET /api/courses/enrolled/me 304 634ms - IP: ::1
[2026-07-16T17:01:05.441Z] GET /api/quizzes/attempts/me 304 674ms - IP: ::1
[2026-07-16T17:01:27.380Z] OPTIONS /api/courses/enrolled/me 204 3ms - IP: ::1
[2026-07-16T17:01:27.404Z] OPTIONS /api/courses/enrolled/me 204 0ms - IP: ::1
[2026-07-16T17:01:28.091Z] GET /api/courses/enrolled/me 304 709ms - IP: ::1
[2026-07-16T17:01:28.095Z] OPTIONS /api/quizzes/attempts/me 204 0ms - IP: ::1
[2026-07-16T17:01:28.517Z] GET /api/quizzes/attempts/me 304 420ms - IP: ::1
[2026-07-16T17:01:28.672Z] GET /api/courses/enrolled/me 304 580ms - IP: ::1
[2026-07-16T17:01:29.086Z] GET /api/quizzes/attempts/me 304 401ms - IP: ::1
[2026-07-16T17:01:35.489Z] OPTIONS /api/courses 204 3ms - IP: ::1
[2026-07-16T17:01:35.490Z] OPTIONS /api/courses 204 0ms - IP: ::1
[2026-07-16T17:01:35.913Z] GET /api/courses 304 422ms - IP: ::1
[2026-07-16T17:01:36.575Z] GET /api/courses 304 658ms - IP: ::1
[2026-07-16T17:01:58.408Z] OPTIONS /api/courses 204 7ms - IP: ::1
[2026-07-16T17:01:58.410Z] OPTIONS /api/courses 204 1ms - IP: ::1
[2026-07-16T17:01:58.714Z] GET /api/courses 304 303ms - IP: ::1
[2026-07-16T17:01:59.087Z] GET /api/courses 304 373ms - IP: ::1
[2026-07-16T17:02:07.108Z] OPTIONS /api/courses/6a520aa41b36204703234419 204 1ms - IP: ::1
[2026-07-16T17:02:07.110Z] OPTIONS /api/courses/6a520aa41b36204703234419 204 1ms - IP: ::1
[2026-07-16T17:02:07.777Z] GET /api/courses/6a520aa41b36204703234419 304 666ms - IP: ::1
[2026-07-16T17:02:07.786Z] OPTIONS /api/quizzes/course/6a520aa41b36204703234419 204 1ms - IP: ::1
[2026-07-16T17:02:07.929Z] GET /api/quizzes/course/6a520aa41b36204703234419 304 140ms - IP: ::1
[2026-07-16T17:02:08.061Z] GET /api/courses/6a520aa41b36204703234419 304 283ms - IP: ::1
[2026-07-16T17:02:08.214Z] GET /api/quizzes/course/6a520aa41b36204703234419 304 147ms - IP: ::1
[2026-07-16T17:02:10.088Z] OPTIONS /api/courses 204 2ms - IP: ::1
[2026-07-16T17:02:10.090Z] OPTIONS /api/courses 204 1ms - IP: ::1
[2026-07-16T17:02:10.449Z] GET /api/courses 304 354ms - IP: ::1
[2026-07-16T17:02:10.722Z] GET /api/courses 304 272ms - IP: ::1
[2026-07-16T17:02:18.273Z] OPTIONS /api/courses/6a520aa41b36204703234419 204 1ms - IP: ::1
[2026-07-16T17:02:18.274Z] OPTIONS /api/courses/6a520aa41b36204703234419 204 0ms - IP: ::1
[2026-07-16T17:02:18.859Z] GET /api/courses/6a520aa41b36204703234419 304 578ms - IP: ::1
[2026-07-16T17:02:18.863Z] OPTIONS /api/quizzes/course/6a520aa41b36204703234419 204 0ms - IP: ::1
[2026-07-16T17:02:19.311Z] GET /api/quizzes/course/6a520aa41b36204703234419 304 446ms - IP: ::1
[2026-07-16T17:02:19.548Z] GET /api/courses/6a520aa41b36204703234419 304 688ms - IP: ::1
[2026-07-16T17:02:19.750Z] GET /api/quizzes/course/6a520aa41b36204703234419 304 195ms - IP: ::1
[2026-07-16T17:02:21.765Z] OPTIONS /api/courses 204 1ms - IP: ::1
[2026-07-16T17:02:21.766Z] OPTIONS /api/courses 204 0ms - IP: ::1
[2026-07-16T17:02:22.133Z] GET /api/courses 304 364ms - IP: ::1
[2026-07-16T17:02:22.436Z] GET /api/courses 304 302ms - IP: ::1
[2026-07-16T17:02:27.974Z] OPTIONS /api/courses/6a520aa41b36204703234417 204 2ms - IP: ::1
[2026-07-16T17:02:27.976Z] OPTIONS /api/courses/6a520aa41b36204703234417 204 1ms - IP: ::1
[2026-07-16T17:02:28.306Z] GET /api/courses/6a520aa41b36204703234417 200 327ms - IP: ::1
[2026-07-16T17:02:28.316Z] OPTIONS /api/quizzes/course/6a520aa41b36204703234417 204 1ms - IP: ::1
[2026-07-16T17:02:28.456Z] GET /api/quizzes/course/6a520aa41b36204703234417 200 139ms - IP: ::1
[2026-07-16T17:02:28.615Z] GET /api/courses/6a520aa41b36204703234417 304 308ms - IP: ::1
[2026-07-16T17:02:28.760Z] GET /api/quizzes/course/6a520aa41b36204703234417 304 140ms - IP: ::1
[2026-07-16T17:04:19.177Z] OPTIONS /api/auth/login 204 1ms - IP: ::1
[2026-07-16T17:04:19.442Z] POST /api/auth/login 200 264ms - IP: ::1
[2026-07-16T17:04:19.471Z] OPTIONS /api/courses/enrolled/me 204 1ms - IP: ::1
[2026-07-16T17:04:19.473Z] OPTIONS /api/courses/enrolled/me 204 1ms - IP: ::1
[2026-07-16T17:04:21.880Z] GET /api/courses/enrolled/me 304 2395ms - IP: ::1
[2026-07-16T17:04:21.888Z] OPTIONS /api/quizzes/attempts/me 204 0ms - IP: ::1
[2026-07-16T17:04:22.639Z] GET /api/quizzes/attempts/me 304 745ms - IP: ::1
[2026-07-16T17:04:23.130Z] GET /api/courses/enrolled/me 304 1249ms - IP: ::1
[2026-07-16T17:04:24.033Z] GET /api/quizzes/attempts/me 304 895ms - IP: ::1
[2026-07-16T17:04:33.718Z] OPTIONS /api/courses 204 1ms - IP: ::1
[2026-07-16T17:04:33.719Z] OPTIONS /api/courses 204 0ms - IP: ::1
[2026-07-16T17:04:34.116Z] GET /api/courses 304 395ms - IP: ::1
[2026-07-16T17:04:34.442Z] GET /api/courses 304 324ms - IP: ::1
[2026-07-16T17:04:40.930Z] OPTIONS /api/courses/enrolled/me 204 2ms - IP: ::1
[2026-07-16T17:04:40.931Z] OPTIONS /api/courses/enrolled/me 204 0ms - IP: ::1
[2026-07-16T17:04:41.610Z] GET /api/courses/enrolled/me 304 678ms - IP: ::1
[2026-07-16T17:04:41.619Z] OPTIONS /api/quizzes/attempts/me 204 0ms - IP: ::1
[2026-07-16T17:04:42.038Z] GET /api/quizzes/attempts/me 304 415ms - IP: ::1
[2026-07-16T17:04:42.185Z] GET /api/courses/enrolled/me 304 572ms - IP: ::1
[2026-07-16T17:04:42.667Z] GET /api/quizzes/attempts/me 304 478ms - IP: ::1
[2026-07-16T17:04:45.480Z] OPTIONS /api/courses 204 1ms - IP: ::1
[2026-07-16T17:04:45.481Z] OPTIONS /api/courses 204 1ms - IP: ::1
[2026-07-16T17:04:45.796Z] GET /api/courses 304 313ms - IP: ::1
[2026-07-16T17:04:46.081Z] GET /api/courses 304 284ms - IP: ::1
[2026-07-16T17:04:47.549Z] OPTIONS /api/courses/6a5908ac23e612803c3dc226 204 1ms - IP: ::1
[2026-07-16T17:04:47.550Z] OPTIONS /api/courses/6a5908ac23e612803c3dc226 204 0ms - IP: ::1
[2026-07-16T17:04:48.071Z] GET /api/courses/6a5908ac23e612803c3dc226 304 520ms - IP: ::1
[2026-07-16T17:04:48.074Z] OPTIONS /api/quizzes/course/6a5908ac23e612803c3dc226 204 0ms - IP: ::1
[2026-07-16T17:04:48.215Z] GET /api/quizzes/course/6a5908ac23e612803c3dc226 304 136ms - IP: ::1
[2026-07-16T17:04:48.354Z] GET /api/courses/6a5908ac23e612803c3dc226 304 282ms - IP: ::1
[2026-07-16T17:04:48.494Z] GET /api/quizzes/course/6a5908ac23e612803c3dc226 304 136ms - IP: ::1
[2026-07-16T17:04:51.082Z] OPTIONS /api/courses/6a5908ac23e612803c3dc226/enroll 204 1ms - IP: ::1
[2026-07-16T17:04:51.950Z] POST /api/courses/6a5908ac23e612803c3dc226/enroll 200 865ms - IP: ::1
[2026-07-16T17:05:05.205Z] OPTIONS /api/courses/enrolled/me 204 1ms - IP: ::1
[2026-07-16T17:05:05.208Z] OPTIONS /api/courses/enrolled/me 204 1ms - IP: ::1
[2026-07-16T17:05:08.360Z] GET /api/courses/enrolled/me 200 3150ms - IP: ::1
[2026-07-16T17:05:08.373Z] OPTIONS /api/quizzes/attempts/me 204 0ms - IP: ::1
[2026-07-16T17:05:09.857Z] GET /api/quizzes/attempts/me 304 1479ms - IP: ::1
[2026-07-16T17:05:11.989Z] GET /api/courses/enrolled/me 304 3625ms - IP: ::1
[2026-07-16T17:05:14.723Z] GET /api/quizzes/attempts/me 304 2726ms - IP: ::1
[2026-07-16T17:05:26.994Z] OPTIONS /api/courses/6a5908ac23e612803c3dc226 204 1ms - IP: ::1
[2026-07-16T17:05:26.998Z] OPTIONS /api/courses/6a5908ac23e612803c3dc226 204 1ms - IP: ::1
[2026-07-16T17:05:29.010Z] GET /api/courses/6a5908ac23e612803c3dc226 200 2011ms - IP: ::1
[2026-07-16T17:05:29.016Z] OPTIONS /api/quizzes/course/6a5908ac23e612803c3dc226 204 1ms - IP: ::1
[2026-07-16T17:05:29.968Z] GET /api/quizzes/course/6a5908ac23e612803c3dc226 304 949ms - IP: ::1
[2026-07-16T17:05:30.512Z] GET /api/courses/6a5908ac23e612803c3dc226 304 1499ms - IP: ::1
[2026-07-16T17:05:31.032Z] GET /api/quizzes/course/6a5908ac23e612803c3dc226 304 514ms - IP: ::1
[2026-07-16T17:15:32.510Z] OPTIONS /api/courses/6a5908ac23e612803c3dc226 204 12ms - IP: ::1
[2026-07-16T17:15:32.513Z] OPTIONS /api/courses/6a5908ac23e612803c3dc226 204 1ms - IP: ::1
[2026-07-16T17:15:32.828Z] GET /api/courses/6a5908ac23e612803c3dc226 304 313ms - IP: ::1
[2026-07-16T17:15:32.833Z] OPTIONS /api/quizzes/course/6a5908ac23e612803c3dc226 204 1ms - IP: ::1
[2026-07-16T17:15:32.983Z] GET /api/quizzes/course/6a5908ac23e612803c3dc226 304 148ms - IP: ::1
[2026-07-16T17:15:33.110Z] GET /api/courses/6a5908ac23e612803c3dc226 304 281ms - IP: ::1
[2026-07-16T17:15:33.271Z] GET /api/quizzes/course/6a5908ac23e612803c3dc226 304 155ms - IP: ::1
[2026-07-16T17:16:17.484Z] OPTIONS /api/courses/6a5908ac23e612803c3dc226 204 2ms - IP: ::1
[2026-07-16T17:16:17.488Z] OPTIONS /api/courses/6a5908ac23e612803c3dc226 204 1ms - IP: ::1
[2026-07-16T17:16:17.868Z] GET /api/courses/6a5908ac23e612803c3dc226 304 379ms - IP: ::1
[2026-07-16T17:16:17.875Z] OPTIONS /api/quizzes/course/6a5908ac23e612803c3dc226 204 0ms - IP: ::1
[2026-07-16T17:16:18.058Z] GET /api/quizzes/course/6a5908ac23e612803c3dc226 304 181ms - IP: ::1
[2026-07-16T17:16:18.144Z] GET /api/courses/6a5908ac23e612803c3dc226 304 276ms - IP: ::1
[2026-07-16T17:16:18.309Z] GET /api/quizzes/course/6a5908ac23e612803c3dc226 304 163ms - IP: ::1
